<?xml version="1.0" encoding="UTF-8"?>
<!-- Generated by org.testng.reporters.JUnitReportReporter -->
<testsuite hostname="WINDOWS7-PC" failures="0" tests="1" name="qaautomation2.tugas34.SeleniumTest" time="22.216" errors="0" timestamp="27 Oct 2021 19:46:42 GMT" skipped="0">
  <testcase classname="qaautomation2.tugas34.SeleniumTest" name="testdalamiframe" time="22.216"/>
</testsuite> <!-- qaautomation2.tugas34.SeleniumTest -->
