<?xml version="1.0" encoding="UTF-8"?>
<!-- Generated by org.testng.reporters.JUnitReportReporter -->
<testsuite hostname="WINDOWS7-PC" failures="0" tests="1" name="qaautomation2.tugas34.SeleniumTestNo3" time="29.005" errors="0" timestamp="14 Nov 2021 13:12:52 GMT" skipped="0">
  <testcase classname="qaautomation2.tugas34.SeleniumTestNo3" name="testdalamiframe" time="29.005"/>
</testsuite> <!-- qaautomation2.tugas34.SeleniumTestNo3 -->
