<?xml version="1.0" encoding="UTF-8"?>
<!-- Generated by org.testng.reporters.JUnitReportReporter -->
<testsuite hostname="WINDOWS7-PC" failures="0" tests="1" name="API.tugas5.APITestNo5" time="9.577" errors="0" timestamp="17 Nov 2021 15:02:52 GMT" skipped="0">
  <testcase classname="API.tugas5.APITestNo5" name="tesDaftar" time="9.577"/>
</testsuite> <!-- API.tugas5.APITestNo5 -->
