<?xml version="1.0" encoding="UTF-8"?>
<!-- Generated by org.testng.reporters.JUnitReportReporter -->
<testsuite hostname="WINDOWS7-PC" failures="0" tests="1" name="selenium.test.BodyEmailExtract" time="21.192" errors="0" timestamp="25 Nov 2021 16:48:19 GMT" skipped="0">
  <testcase classname="selenium.test.BodyEmailExtract" name="testdalamiframe" time="21.192"/>
</testsuite> <!-- selenium.test.BodyEmailExtract -->
